<?xml version="1.0" encoding="UTF-8"?>
<!-- Generated by org.testng.reporters.JUnitReportReporter -->
<testsuite hostname="DESKTOP-TBK4CC8" failures="0" tests="4" name="api.test.UserTests" time="12.330" errors="0" timestamp="2024-09-26T12:47:31 IST" skipped="0">
  <testcase classname="api.test.UserTests" name="testPostuser" time="6.048"/>
  <testcase classname="api.test.UserTests" name="testUpdateuser" time="3.137"/>
  <testcase classname="api.test.UserTests" name="testGetuser" time="1.562"/>
  <testcase classname="api.test.UserTests" name="testDeleteuser" time="1.583"/>
</testsuite> <!-- api.test.UserTests -->
