<?xml version="1.0" encoding="UTF-8"?>
<!-- Generated by org.testng.reporters.JUnitReportReporter -->
<testsuite hostname="DESKTOP-TBK4CC8" failures="0" tests="6" name="api.test.DDTests" time="9.703" errors="0" timestamp="2024-09-26T12:47:31 IST" skipped="0">
  <testcase classname="api.test.DDTests" name="testPostUser" time="1.681"/>
  <testcase classname="api.test.DDTests" name="testPostUser" time="1.620"/>
  <testcase classname="api.test.DDTests" name="testPostUser" time="1.558"/>
  <testcase classname="api.test.DDTests" name="DeleteUser" time="1.605"/>
  <testcase classname="api.test.DDTests" name="DeleteUser" time="1.642"/>
  <testcase classname="api.test.DDTests" name="DeleteUser" time="1.597"/>
</testsuite> <!-- api.test.DDTests -->
