<?xml version="1.0" encoding="UTF-8"?>
<!-- Generated by org.testng.reporters.JUnitReportReporter -->
<testsuite hostname="DESKTOP-TBK4CC8" failures="0" tests="4" name="api.test.UserTests" time="9.152" errors="0" timestamp="2024-09-25T22:40:41 IST" skipped="0">
  <testcase classname="api.test.UserTests" name="testPostuser" time="4.553"/>
  <testcase classname="api.test.UserTests" name="testUpdateuser" time="2.137"/>
  <testcase classname="api.test.UserTests" name="testGetuser" time="1.335"/>
  <testcase classname="api.test.UserTests" name="testDeleteuser" time="1.127"/>
</testsuite> <!-- api.test.UserTests -->
